\BOOKMARK [0][-]{chapter.1}{\376\377\000C\000l\000a\000s\000s\000\040\000I\000n\000d\000e\000x}{}% 1
\BOOKMARK [1][-]{section.1.1}{\376\377\000C\000l\000a\000s\000s\000\040\000L\000i\000s\000t}{chapter.1}% 2
\BOOKMARK [0][-]{chapter.2}{\376\377\000F\000i\000l\000e\000\040\000I\000n\000d\000e\000x}{}% 3
\BOOKMARK [1][-]{section.2.1}{\376\377\000F\000i\000l\000e\000\040\000L\000i\000s\000t}{chapter.2}% 4
\BOOKMARK [0][-]{chapter.3}{\376\377\000C\000l\000a\000s\000s\000\040\000D\000o\000c\000u\000m\000e\000n\000t\000a\000t\000i\000o\000n}{}% 5
\BOOKMARK [1][-]{section.3.1}{\376\377\000m\000e\000a\000s\000u\000r\000e\000m\000e\000n\000t\000\040\000S\000t\000r\000u\000c\000t\000\040\000R\000e\000f\000e\000r\000e\000n\000c\000e}{chapter.3}% 6
\BOOKMARK [2][-]{subsection.3.1.1}{\376\377\000M\000e\000m\000b\000e\000r\000\040\000D\000a\000t\000a\000\040\000D\000o\000c\000u\000m\000e\000n\000t\000a\000t\000i\000o\000n}{section.3.1}% 7
\BOOKMARK [3][-]{subsubsection.3.1.1.1}{\376\377\000x}{subsection.3.1.1}% 8
\BOOKMARK [3][-]{subsubsection.3.1.1.2}{\376\377\000y}{subsection.3.1.1}% 9
\BOOKMARK [1][-]{section.3.2}{\376\377\000p\000a\000r\000t\000i\000c\000l\000e\000\040\000S\000t\000r\000u\000c\000t\000\040\000R\000e\000f\000e\000r\000e\000n\000c\000e}{chapter.3}% 10
\BOOKMARK [2][-]{subsection.3.2.1}{\376\377\000M\000e\000m\000b\000e\000r\000\040\000D\000a\000t\000a\000\040\000D\000o\000c\000u\000m\000e\000n\000t\000a\000t\000i\000o\000n}{section.3.2}% 11
\BOOKMARK [3][-]{subsubsection.3.2.1.1}{\376\377\000w}{subsection.3.2.1}% 12
\BOOKMARK [3][-]{subsubsection.3.2.1.2}{\376\377\000x}{subsection.3.2.1}% 13
\BOOKMARK [3][-]{subsubsection.3.2.1.3}{\376\377\000y}{subsection.3.2.1}% 14
\BOOKMARK [0][-]{chapter.4}{\376\377\000F\000i\000l\000e\000\040\000D\000o\000c\000u\000m\000e\000n\000t\000a\000t\000i\000o\000n}{}% 15
\BOOKMARK [1][-]{section.4.1}{\376\377\000s\000r\000c\000/\000g\000a\000u\000s\000s\000\137\000s\000a\000m\000p\000l\000e\000.\000c\000\040\000F\000i\000l\000e\000\040\000R\000e\000f\000e\000r\000e\000n\000c\000e}{chapter.4}% 16
\BOOKMARK [2][-]{subsection.4.1.1}{\376\377\000F\000u\000n\000c\000t\000i\000o\000n\000\040\000D\000o\000c\000u\000m\000e\000n\000t\000a\000t\000i\000o\000n}{section.4.1}% 17
\BOOKMARK [3][-]{subsubsection.4.1.1.1}{\376\377\000b\000o\000x\000\137\000m\000u\000l\000l\000e\000r}{subsection.4.1.1}% 18
\BOOKMARK [3][-]{subsubsection.4.1.1.2}{\376\377\000m\000a\000i\000n}{subsection.4.1.1}% 19
\BOOKMARK [1][-]{section.4.2}{\376\377\000s\000r\000c\000/\000p\000a\000r\000t\000i\000c\000l\000e\000\137\000f\000i\000l\000t\000e\000r\000.\000c\000\040\000F\000i\000l\000e\000\040\000R\000e\000f\000e\000r\000e\000n\000c\000e}{chapter.4}% 20
\BOOKMARK [2][-]{subsection.4.2.1}{\376\377\000M\000a\000c\000r\000o\000\040\000D\000e\000f\000i\000n\000i\000t\000i\000o\000n\000\040\000D\000o\000c\000u\000m\000e\000n\000t\000a\000t\000i\000o\000n}{section.4.2}% 21
\BOOKMARK [3][-]{subsubsection.4.2.1.1}{\376\377\000P\000I}{subsection.4.2.1}% 22
\BOOKMARK [2][-]{subsection.4.2.2}{\376\377\000F\000u\000n\000c\000t\000i\000o\000n\000\040\000D\000o\000c\000u\000m\000e\000n\000t\000a\000t\000i\000o\000n}{section.4.2}% 23
\BOOKMARK [3][-]{subsubsection.4.2.2.1}{\376\377\000c\000r\000e\000a\000t\000e\000\137\000f\000a\000k\000e\000\137\000m\000e\000a\000s\000u\000r\000e\000m\000e\000n\000t\000s}{subsection.4.2.2}% 24
\BOOKMARK [3][-]{subsubsection.4.2.2.2}{\376\377\000i\000n\000i\000t\000\137\000p\000a\000r\000t\000i\000c\000l\000e\000s}{subsection.4.2.2}% 25
\BOOKMARK [3][-]{subsubsection.4.2.2.3}{\376\377\000m\000a\000i\000n}{subsection.4.2.2}% 26
\BOOKMARK [3][-]{subsubsection.4.2.2.4}{\376\377\000m\000a\000x}{subsection.4.2.2}% 27
\BOOKMARK [3][-]{subsubsection.4.2.2.5}{\376\377\000n\000o\000r\000m\000p\000d\000f}{subsection.4.2.2}% 28
\BOOKMARK [3][-]{subsubsection.4.2.2.6}{\376\377\000p\000a\000r\000t\000i\000c\000l\000e\000\137\000f\000i\000l\000t\000e\000r}{subsection.4.2.2}% 29
\BOOKMARK [3][-]{subsubsection.4.2.2.7}{\376\377\000r\000e\000s\000a\000m\000p\000l\000i\000n\000g\000\137\000w\000h\000e\000e\000l}{subsection.4.2.2}% 30
\BOOKMARK [3][-]{subsubsection.4.2.2.8}{\376\377\000w\000e\000i\000g\000h\000t\000e\000d\000\137\000a\000v\000e\000r\000a\000g\000e}{subsection.4.2.2}% 31
\BOOKMARK [3][-]{subsubsection.4.2.2.9}{\376\377\000w\000e\000i\000g\000h\000t\000e\000d\000\137\000s\000a\000m\000p\000l\000e}{subsection.4.2.2}% 32
\BOOKMARK [3][-]{subsubsection.4.2.2.10}{\376\377\000z\000s\000\137\000t\000o\000\137\000c\000s\000v}{subsection.4.2.2}% 33
\BOOKMARK [1][-]{section.4.3}{\376\377\000s\000r\000c\000/\000p\000a\000r\000t\000i\000c\000l\000e\000\137\000f\000i\000l\000t\000e\000r\000.\000h\000\040\000F\000i\000l\000e\000\040\000R\000e\000f\000e\000r\000e\000n\000c\000e}{chapter.4}% 34
\BOOKMARK [2][-]{subsection.4.3.1}{\376\377\000M\000a\000c\000r\000o\000\040\000D\000e\000f\000i\000n\000i\000t\000i\000o\000n\000\040\000D\000o\000c\000u\000m\000e\000n\000t\000a\000t\000i\000o\000n}{section.4.3}% 35
\BOOKMARK [3][-]{subsubsection.4.3.1.1}{\376\377\000M}{subsection.4.3.1}% 36
\BOOKMARK [3][-]{subsubsection.4.3.1.2}{\376\377\000m\000a\000x\000\137\000x}{subsection.4.3.1}% 37
\BOOKMARK [3][-]{subsubsection.4.3.1.3}{\376\377\000m\000a\000x\000\137\000y}{subsection.4.3.1}% 38
\BOOKMARK [3][-]{subsubsection.4.3.1.4}{\376\377\000N}{subsection.4.3.1}% 39
\BOOKMARK [2][-]{subsection.4.3.2}{\376\377\000F\000u\000n\000c\000t\000i\000o\000n\000\040\000D\000o\000c\000u\000m\000e\000n\000t\000a\000t\000i\000o\000n}{section.4.3}% 40
\BOOKMARK [3][-]{subsubsection.4.3.2.1}{\376\377\000i\000n\000i\000t\000\137\000p\000a\000r\000t\000i\000c\000l\000e\000s}{subsection.4.3.2}% 41
\BOOKMARK [3][-]{subsubsection.4.3.2.2}{\376\377\000n\000o\000r\000m\000p\000d\000f}{subsection.4.3.2}% 42
\BOOKMARK [3][-]{subsubsection.4.3.2.3}{\376\377\000p\000a\000r\000t\000i\000c\000l\000e\000\137\000f\000i\000l\000t\000e\000r}{subsection.4.3.2}% 43
\BOOKMARK [1][-]{section.4.4}{\376\377\000s\000r\000c\000/\000r\000a\000n\000d\000o\000m\000\137\000n\000u\000m\000b\000e\000r\000\137\000g\000e\000n\000.\000c\000\040\000F\000i\000l\000e\000\040\000R\000e\000f\000e\000r\000e\000n\000c\000e}{chapter.4}% 44
\BOOKMARK [2][-]{subsection.4.4.1}{\376\377\000F\000u\000n\000c\000t\000i\000o\000n\000\040\000D\000o\000c\000u\000m\000e\000n\000t\000a\000t\000i\000o\000n}{section.4.4}% 45
\BOOKMARK [3][-]{subsubsection.4.4.1.1}{\376\377\000i\000n\000i\000t}{subsection.4.4.1}% 46
\BOOKMARK [3][-]{subsubsection.4.4.1.2}{\376\377\000r\000a\000n\000d\000n}{subsection.4.4.1}% 47
\BOOKMARK [3][-]{subsubsection.4.4.1.3}{\376\377\000r\000a\000n\000d\000u}{subsection.4.4.1}% 48
\BOOKMARK [1][-]{section.4.5}{\376\377\000s\000r\000c\000/\000r\000a\000n\000d\000o\000m\000\137\000n\000u\000m\000b\000e\000r\000\137\000g\000e\000n\000.\000h\000\040\000F\000i\000l\000e\000\040\000R\000e\000f\000e\000r\000e\000n\000c\000e}{chapter.4}% 49
\BOOKMARK [2][-]{subsection.4.5.1}{\376\377\000F\000u\000n\000c\000t\000i\000o\000n\000\040\000D\000o\000c\000u\000m\000e\000n\000t\000a\000t\000i\000o\000n}{section.4.5}% 50
\BOOKMARK [3][-]{subsubsection.4.5.1.1}{\376\377\000r\000a\000n\000d\000n}{subsection.4.5.1}% 51
\BOOKMARK [3][-]{subsubsection.4.5.1.2}{\376\377\000r\000a\000n\000d\000u}{subsection.4.5.1}% 52
\BOOKMARK [0][-]{section*.12}{\376\377\000I\000n\000d\000e\000x}{}% 53
